C:\USERS\DANIEL\DESKTOP\TEPCHECK\ASSIGNMENT 2\BUILD\ANIM.OBJ
C:\USERS\DANIEL\DESKTOP\TEPCHECK\ASSIGNMENT 2\BUILD\ANIMTCL.OBJ
C:\USERS\DANIEL\DESKTOP\TEPCHECK\ASSIGNMENT 2\BUILD\BASEOBJECT.OBJ
C:\USERS\DANIEL\DESKTOP\TEPCHECK\ASSIGNMENT 2\BUILD\BASESIMULATOR.OBJ
C:\USERS\DANIEL\DESKTOP\TEPCHECK\ASSIGNMENT 2\BUILD\BASESYSTEM.OBJ
C:\USERS\DANIEL\DESKTOP\TEPCHECK\ASSIGNMENT 2\BUILD\GLOBALRESOURCEMANAGER.OBJ
C:\USERS\DANIEL\DESKTOP\TEPCHECK\ASSIGNMENT 2\BUILD\MYSCENE.OBJ
C:\USERS\DANIEL\DESKTOP\TEPCHECK\ASSIGNMENT 2\BUILD\PARTSIM.OBJ
C:\USERS\DANIEL\DESKTOP\TEPCHECK\ASSIGNMENT 2\BUILD\PARTSYS.OBJ
C:\USERS\DANIEL\DESKTOP\TEPCHECK\ASSIGNMENT 2\BUILD\RESOURCEMANAGER.OBJ
C:\USERS\DANIEL\DESKTOP\TEPCHECK\ASSIGNMENT 2\BUILD\SAMPLEGRAVITYSIMULATOR.OBJ
C:\USERS\DANIEL\DESKTOP\TEPCHECK\ASSIGNMENT 2\BUILD\SAMPLEPARTICLE.OBJ
C:\USERS\DANIEL\DESKTOP\TEPCHECK\ASSIGNMENT 2\BUILD\VC110.PDB
C:\USERS\DANIEL\DESKTOP\TEPCHECK\ASSIGNMENT 2\BUILD\ANIM.ILK
C:\USERS\DANIEL\DESKTOP\TEPCHECK\ASSIGNMENT 2\BUILD\ANIM.EXE
C:\USERS\DANIEL\DESKTOP\TEPCHECK\ASSIGNMENT 2\BUILD\ANIM.PDB
C:\Users\Daniel\Documents\GitHub\ParticleSimulator\Build\anim.obj
C:\Users\Daniel\Documents\GitHub\ParticleSimulator\Build\animTcl.obj
C:\Users\Daniel\Documents\GitHub\ParticleSimulator\Build\BaseObject.obj
C:\Users\Daniel\Documents\GitHub\ParticleSimulator\Build\BaseSimulator.obj
C:\Users\Daniel\Documents\GitHub\ParticleSimulator\Build\BaseSystem.obj
C:\Users\Daniel\Documents\GitHub\ParticleSimulator\Build\GlobalResourceManager.obj
C:\Users\Daniel\Documents\GitHub\ParticleSimulator\Build\myScene.obj
C:\Users\Daniel\Documents\GitHub\ParticleSimulator\Build\partSim.obj
C:\Users\Daniel\Documents\GitHub\ParticleSimulator\Build\partSys.obj
C:\Users\Daniel\Documents\GitHub\ParticleSimulator\Build\ResourceManager.obj
C:\Users\Daniel\Documents\GitHub\ParticleSimulator\Build\SampleGravitySimulator.obj
C:\Users\Daniel\Documents\GitHub\ParticleSimulator\Build\SampleParticle.obj
C:\Users\Daniel\Documents\GitHub\ParticleSimulator\Build\anim.ilk
C:\Users\Daniel\Documents\GitHub\ParticleSimulator\Build\cl.command.1.tlog
C:\Users\Daniel\Documents\GitHub\ParticleSimulator\Build\CL.read.1.tlog
C:\Users\Daniel\Documents\GitHub\ParticleSimulator\Build\CL.write.1.tlog
C:\Users\Daniel\Documents\GitHub\ParticleSimulator\Build\link-cvtres.read.1.tlog
C:\Users\Daniel\Documents\GitHub\ParticleSimulator\Build\link-cvtres.write.1.tlog
C:\Users\Daniel\Documents\GitHub\ParticleSimulator\Build\link-rc.read.1.tlog
C:\Users\Daniel\Documents\GitHub\ParticleSimulator\Build\link-rc.write.1.tlog
C:\Users\Daniel\Documents\GitHub\ParticleSimulator\Build\link.command.1.tlog
C:\Users\Daniel\Documents\GitHub\ParticleSimulator\Build\link.read.1.tlog
C:\Users\Daniel\Documents\GitHub\ParticleSimulator\Build\link.write.1.tlog
C:\Users\Daniel\Documents\GitHub\ParticleSimulator\Build\vc110.idb
C:\Users\Daniel\Documents\GitHub\ParticleSimulator\Build\anim.pdb
C:\Users\Daniel\Documents\GitHub\ParticleSimulator\Build\vc110.pdb
C:\Users\Daniel\Documents\GitHub\ParticleSimulator\Build\anim.exe
